<?xml version="1.0" encoding="UTF-8"?>
<!-- Generated by org.testng.reporters.JUnitReportReporter -->
<testsuite hostname="DESKTOP-MI2O9VD" failures="0" tests="1" name="TestSuite.FindBookShelvesTest" time="7.692" errors="0" timestamp="06 Aug 2021 14:16:06 GMT" skipped="0">
  <testcase classname="TestSuite.FindBookShelvesTest" name="smokeTests" time="7.692"/>
</testsuite> <!-- TestSuite.FindBookShelvesTest -->
