<?xml version="1.0" encoding="UTF-8"?>
<!-- Generated by org.testng.reporters.JUnitReportReporter -->
<testsuite hostname="DESKTOP-MI2O9VD" failures="0" tests="1" name="TestSuite.regressionTesting" time="39.204" errors="0" timestamp="06 Aug 2021 14:16:06 GMT" skipped="0">
  <testcase classname="TestSuite.regressionTesting" name="regressionTest" time="39.204"/>
</testsuite> <!-- TestSuite.regressionTesting -->
