<?xml version="1.0" encoding="UTF-8"?>
<!-- Generated by org.testng.reporters.JUnitReportReporter -->
<testsuite hostname="DESKTOP-MI2O9VD" failures="0" tests="1" name="TestSuite.FindBookShelvesTest" time="7.448" errors="0" timestamp="2021-07-18T21:08:44 IST" skipped="0">
  <testcase classname="TestSuite.FindBookShelvesTest" name="smokeTests" time="7.448"/>
  <system-out/>
</testsuite> <!-- TestSuite.FindBookShelvesTest -->
