<?xml version="1.0" encoding="UTF-8"?>
<!-- Generated by org.testng.reporters.JUnitReportReporter -->
<testsuite hostname="DESKTOP-MI2O9VD" failures="0" tests="1" name="TestSuite.regressionTesting" time="41.785" errors="0" timestamp="2021-07-18T21:08:44 IST" skipped="0">
  <testcase classname="TestSuite.regressionTesting" name="regressionTest" time="41.785"/>
  <system-out/>
</testsuite> <!-- TestSuite.regressionTesting -->
